<?xml version="1.0" encoding="UTF-8"?>
<!-- Generated by org.testng.reporters.JUnitXMLReporter -->
<testsuite ignored="0" hostname="KDC1-L-F1CFX2J" failures="0" tests="4" name="Test" time="8.406" errors="0" timestamp="2023-01-03T18:01:43 IST">
  <testcase classname="restAssuredTests.PostRequestDemo" name="Postdetails" time="6.013"/>
  <testcase classname="restAssuredTests.GetRequestDemo" name="Getdetails" time="0.633"/>
  <testcase classname="restAssuredTests.PutRequestDemo" name="Updatedata" time="0.515"/>
  <testcase classname="restAssuredTests.DeleteRequestDemo" name="Deletedata" time="1.11"/>
</testsuite> <!-- Test -->
