<?xml version="1.0" encoding="UTF-8"?>
<testng-results ignored="0" total="1" passed="1" failed="0" skipped="0">
  <reporter-output>
  </reporter-output>
  <suite started-at="2023-01-16T13:51:55 IST" name="Default suite" finished-at="2023-01-16T13:51:58 IST" duration-ms="2690">
    <groups>
    </groups>
    <test started-at="2023-01-16T13:51:55 IST" name="Default test" finished-at="2023-01-16T13:51:58 IST" duration-ms="2690">
      <class name="pathAndQueryParamTests.PathAndQueryParam">
        <test-method signature="testPathAndQuery()[pri:0, instance:pathAndQueryParamTests.PathAndQueryParam@2b91004a]" started-at="2023-01-16T13:51:55 IST" name="testPathAndQuery" finished-at="2023-01-16T13:51:58 IST" duration-ms="2626" status="PASS">
          <reporter-output>
          </reporter-output>
        </test-method> <!-- testPathAndQuery -->
      </class> <!-- pathAndQueryParamTests.PathAndQueryParam -->
    </test> <!-- Default test -->
  </suite> <!-- Default suite -->
</testng-results>
